INFO    : PreTeXt-CLI version: 2.3.9

INFO    : PreTeXt project found in `/Users/smakdonald/Modern-Algebra`.
WARNING : Using CLI version 2.3.9 but project's `requirements.txt`
WARNING : is configured to use 1.5.1. Consider either installing
WARNING : CLI version 1.5.1 or running `pretext init --refresh`
WARNING : to update `requirements.txt` to match 2.3.9.
INFO    : Since no target was supplied, we will use "web".

INFO    : Staging latest build located in `/Users/smakdonald/Modern-Algebra/output/web` at `/Users/smakdonald/Modern-Algebra/output/stage`.
INFO    : 
INFO    : Deployment is now staged at `/Users/smakdonald/Modern-Algebra/output/stage`.
INFO    : Preparing to deploy from active `main` git branch.
INFO    : 
INFO    : Changes to project source since last commit detected.
INFO    : Add/committing these changes to local Git repository.
INFO    : 
INFO    : Committing your latest build to the `gh-pages` branch.
INFO    : 
INFO    : Attempting to connect to remote repository at `https://github.com/smakdonald/Compendium-Makematica.git`...
INFO    : 
INFO    : 
INFO    : Latest build successfully pushed to GitHub!
INFO    : 
INFO    : To enable GitHub Pages, visit
INFO    :     https://github.com/smakdonald/Compendium-Makematica/settings/pages
INFO    : selecting the `gh-pages` branch with the `/ (root)` folder.
INFO    : 
INFO    : Visit
INFO    :     https://github.com/smakdonald/Compendium-Makematica/actions/
INFO    : to check on the status of your GitHub Pages deployment.
INFO    : 
INFO    : Your built project will soon be available to the public at:
INFO    :     https://smakdonald.github.io/Compendium-Makematica/
