INFO    : PreTeXt-CLI version: 2.6.2

INFO    : PreTeXt project found in `/Users/smakdonald/Modern-Algebra`.
WARNING : Using CLI version 2.6.2 but project's `requirements.txt`
WARNING : is configured to use 1.5.1. Consider either installing
WARNING : CLI version 1.5.1 or running `pretext init --refresh`
WARNING : to update `requirements.txt` to match 2.6.2.
INFO    : Building target web
INFO    : Preparing to build into /Users/smakdonald/Modern-Algebra/output/web.
INFO    : discovering source file's directory name: /Users/smakdonald/Modern-Algebra/source
INFO    : verifying and expanding input directory: /Users/smakdonald/Modern-Algebra/source/../generated-assets
INFO    : input directory expanded to absolute path: /Users/smakdonald/Modern-Algebra/generated-assets
INFO    : verifying and expanding input directory: /Users/smakdonald/Modern-Algebra/source/../assets
INFO    : input directory expanded to absolute path: /Users/smakdonald/Modern-Algebra/assets
INFO    : Runestone Services (via PreTeXt repository): version 7.3.3
INFO    : converting /Users/smakdonald/Modern-Algebra/source/Mod-Alg.ptx to HTML in /var/folders/kc/1mrsp84n5zx15yydslnftmhw0000gn/T/ptx-uwrlqyk7
INFO    : XSL conversion of /Users/smakdonald/Modern-Algebra/source/Mod-Alg.ptx by /Users/smakdonald/.ptx/2.6.2/core/xsl/pretext-html.xsl
INFO    : messages from the log for XSL processing:
ERROR   : * PTX:ERROR:   a cross-reference ("xref") uses references [index] that do not point to any target, or perhaps point to multiple targets.  Maybe you typed an @xml:id value wrong, maybe the target of the @xml:id is nonexistent, or maybe you temporarily removed the target from your source, or maybe an auxiliary file contains a duplicate.  Your output will contain some placeholder text that you will not want to distribute to your readers.
INFO    : *              located within: "Don't Forget the Index!" (title)
WARNING : * PTX:WARNING:    An <xref> wants to use custom text to describe the target, but no custom text was provided as the content of the "xref".
INFO    : *              located within: "subsec-groups" (xml:id), "Binary Operations and the Definition of a Group" (title)
WARNING : * PTX:WARNING:    An <xref> wants to build text using a title to identify the target, but the target (which has @xml:id "def-quaternions") has no title, not even a default title.
INFO    : *              located within: "sec-symmetric" (xml:id), "Permutations and Symmetric Groups" (title)
WARNING : * PTX:WARNING:    An <xref> wants to build text using a title to identify the target, but the target (which has @xml:id "exe-opposite-group") has no title, not even a default title.
INFO    : *              located within: "exe-more-grp-isos" (xml:id), "More Isomorphisms" (title)
WARNING : * PTX:WARNING:    An <xref> wants to build text using a number to identify the target, but the target (which has @xml:id "E1030") does not have a number. You could try 'text="title"' or 'text="custom"' on the "xref".
INFO    : *              located within: "thm-sylow" (xml:id), "Sylow's Theorems" (title)
WARNING : * PTX:WARNING:    An <xref> wants to build text using a number to identify the target, but the target (which has @xml:id "E1030b") does not have a number. You could try 'text="title"' or 'text="custom"' on the "xref".
INFO    : *              located within: "thm-sylow" (xml:id), "Sylow's Theorems" (title)
WARNING : * PTX:WARNING:    An <xref> wants to build text using a number to identify the target, but the target (which has @xml:id "E1030") does not have a number. You could try 'text="title"' or 'text="custom"' on the "xref".
INFO    : *              located within: "thm-sylow" (xml:id), "Sylow's Theorems" (title)
WARNING : * PTX:WARNING:    An <xref> wants to build text using a number to identify the target, but the target (which has @xml:id "E1030b") does not have a number. You could try 'text="title"' or 'text="custom"' on the "xref".
INFO    : *              located within: "thm-sylow" (xml:id), "Sylow's Theorems" (title)
WARNING : * PTX:WARNING:    An <xref> wants to build text using a number to identify the target, but the target (which has @xml:id "E1030b") does not have a number. You could try 'text="title"' or 'text="custom"' on the "xref".
INFO    : *              located within: "thm-sylow" (xml:id), "Sylow's Theorems" (title)
WARNING : * PTX:WARNING: Unstructured content within a list item is being ignored ("Assume")
INFO    : *              located within: "thm-properties-of-algebraic-elements" (xml:id), "Properties of Algebraic Elements" (title)
WARNING : * PTX:WARNING: Unstructured content within a list item is being ignored ("is algebraic over")
INFO    : *              located within: "thm-properties-of-algebraic-elements" (xml:id), "Properties of Algebraic Elements" (title)
WARNING : * PTX:WARNING: Unstructured content within a list item is being ignored (".")
INFO    : *              located within: "thm-properties-of-algebraic-elements" (xml:id), "Properties of Algebraic Elements" (title)
ERROR   : * PTX:ERROR:   a cross-reference ("xref") uses references [cor-normal-union-of-conjugacy-classes] that do not point to any target, or perhaps point to multiple targets.  Maybe you typed an @xml:id value wrong, maybe the target of the @xml:id is nonexistent, or maybe you temporarily removed the target from your source, or maybe an auxiliary file contains a duplicate.  Your output will contain some placeholder text that you will not want to distribute to your readers.
INFO    : *              located within: "Problem 1" (title)
ERROR   : * PTX:ERROR:   a cross-reference ("xref") uses references [cor-orbit-stabilizer] that do not point to any target, or perhaps point to multiple targets.  Maybe you typed an @xml:id value wrong, maybe the target of the @xml:id is nonexistent, or maybe you temporarily removed the target from your source, or maybe an auxiliary file contains a duplicate.  Your output will contain some placeholder text that you will not want to distribute to your readers.
INFO    : *              located within: "Problem 1" (title)
ERROR   : * PTX:ERROR:   a cross-reference ("xref") uses references [cor-orbit-stabilizer] that do not point to any target, or perhaps point to multiple targets.  Maybe you typed an @xml:id value wrong, maybe the target of the @xml:id is nonexistent, or maybe you temporarily removed the target from your source, or maybe an auxiliary file contains a duplicate.  Your output will contain some placeholder text that you will not want to distribute to your readers.
INFO    : *              located within: "Problem 2" (title)
ERROR   : * PTX:ERROR:   a cross-reference ("xref") uses references [cor-orbit-stabilizer] that do not point to any target, or perhaps point to multiple targets.  Maybe you typed an @xml:id value wrong, maybe the target of the @xml:id is nonexistent, or maybe you temporarily removed the target from your source, or maybe an auxiliary file contains a duplicate.  Your output will contain some placeholder text that you will not want to distribute to your readers.
INFO    : *              located within: "Problem 2" (title)
ERROR   : * PTX:ERROR:   a cross-reference ("xref") uses references [cor-orbit-stabilizer] that do not point to any target, or perhaps point to multiple targets.  Maybe you typed an @xml:id value wrong, maybe the target of the @xml:id is nonexistent, or maybe you temporarily removed the target from your source, or maybe an auxiliary file contains a duplicate.  Your output will contain some placeholder text that you will not want to distribute to your readers.
INFO    : *              located within: "Problem 1" (title)
ERROR   : * PTX:ERROR:   a cross-reference ("xref") uses references [cor-orbit-stabilizer] that do not point to any target, or perhaps point to multiple targets.  Maybe you typed an @xml:id value wrong, maybe the target of the @xml:id is nonexistent, or maybe you temporarily removed the target from your source, or maybe an auxiliary file contains a duplicate.  Your output will contain some placeholder text that you will not want to distribute to your readers.
INFO    : *              located within: "Problem 2" (title)
ERROR   : * PTX:ERROR:   a cross-reference ("xref") uses references [cor-orbit-stabilizer] that do not point to any target, or perhaps point to multiple targets.  Maybe you typed an @xml:id value wrong, maybe the target of the @xml:id is nonexistent, or maybe you temporarily removed the target from your source, or maybe an auxiliary file contains a duplicate.  Your output will contain some placeholder text that you will not want to distribute to your readers.
INFO    : *              located within: "Problem 1" (title)
ERROR   : * PTX:ERROR:   a cross-reference ("xref") uses references [cor-orbit-stabilizer] that do not point to any target, or perhaps point to multiple targets.  Maybe you typed an @xml:id value wrong, maybe the target of the @xml:id is nonexistent, or maybe you temporarily removed the target from your source, or maybe an auxiliary file contains a duplicate.  Your output will contain some placeholder text that you will not want to distribute to your readers.
INFO    : *              located within: "Problem 1" (title)
ERROR   : * PTX:ERROR:   a cross-reference ("xref") uses references [cor-orbit-stabilizer] that do not point to any target, or perhaps point to multiple targets.  Maybe you typed an @xml:id value wrong, maybe the target of the @xml:id is nonexistent, or maybe you temporarily removed the target from your source, or maybe an auxiliary file contains a duplicate.  Your output will contain some placeholder text that you will not want to distribute to your readers.
INFO    : *              located within: "Problem 3 (*)" (title)
ERROR   : * PTX:ERROR:   a cross-reference ("xref") uses references [thm-cayley-hamilton-thm] that do not point to any target, or perhaps point to multiple targets.  Maybe you typed an @xml:id value wrong, maybe the target of the @xml:id is nonexistent, or maybe you temporarily removed the target from your source, or maybe an auxiliary file contains a duplicate.  Your output will contain some placeholder text that you will not want to distribute to your readers.
INFO    : *              located within: "Problem 4" (title)
ERROR   : * PTX:ERROR:   a cross-reference ("xref") uses references [thm-cayley-hamilton-thm] that do not point to any target, or perhaps point to multiple targets.  Maybe you typed an @xml:id value wrong, maybe the target of the @xml:id is nonexistent, or maybe you temporarily removed the target from your source, or maybe an auxiliary file contains a duplicate.  Your output will contain some placeholder text that you will not want to distribute to your readers.
INFO    : *              located within: "Problem 4" (title)
WARNING : * PTX:WARNING:    An <xref> wants to build text using a number to identify the target, but the target (which has @xml:id "E1030") does not have a number. You could try 'text="title"' or 'text="custom"' on the "xref".
INFO    : *              located within: "thm-sylow" (xml:id), "Sylow's Theorems" (title)
WARNING : * PTX:WARNING:    An <xref> wants to build text using a number to identify the target, but the target (which has @xml:id "E1030b") does not have a number. You could try 'text="title"' or 'text="custom"' on the "xref".
INFO    : *              located within: "thm-sylow" (xml:id), "Sylow's Theorems" (title)
WARNING : * PTX:WARNING:    An <xref> wants to build text using a number to identify the target, but the target (which has @xml:id "E1030") does not have a number. You could try 'text="title"' or 'text="custom"' on the "xref".
INFO    : *              located within: "thm-sylow" (xml:id), "Sylow's Theorems" (title)
WARNING : * PTX:WARNING:    An <xref> wants to build text using a number to identify the target, but the target (which has @xml:id "E1030b") does not have a number. You could try 'text="title"' or 'text="custom"' on the "xref".
INFO    : *              located within: "thm-sylow" (xml:id), "Sylow's Theorems" (title)
WARNING : * PTX:WARNING:    An <xref> wants to build text using a number to identify the target, but the target (which has @xml:id "E1030b") does not have a number. You could try 'text="title"' or 'text="custom"' on the "xref".
INFO    : *              located within: "thm-sylow" (xml:id), "Sylow's Theorems" (title)
WARNING : * PTX:WARNING:    An <xref> wants to build text using a number to identify the target, but the target (which has @xml:id "E1030") does not have a number. You could try 'text="title"' or 'text="custom"' on the "xref".
INFO    : *              located within: "thm-sylow" (xml:id), "Sylow's Theorems" (title)
WARNING : * PTX:WARNING:    An <xref> wants to build text using a number to identify the target, but the target (which has @xml:id "E1030b") does not have a number. You could try 'text="title"' or 'text="custom"' on the "xref".
INFO    : *              located within: "thm-sylow" (xml:id), "Sylow's Theorems" (title)
WARNING : * PTX:WARNING:    An <xref> wants to build text using a number to identify the target, but the target (which has @xml:id "E1030") does not have a number. You could try 'text="title"' or 'text="custom"' on the "xref".
INFO    : *              located within: "thm-sylow" (xml:id), "Sylow's Theorems" (title)
WARNING : * PTX:WARNING:    An <xref> wants to build text using a number to identify the target, but the target (which has @xml:id "E1030b") does not have a number. You could try 'text="title"' or 'text="custom"' on the "xref".
INFO    : *              located within: "thm-sylow" (xml:id), "Sylow's Theorems" (title)
WARNING : * PTX:WARNING:    An <xref> wants to build text using a number to identify the target, but the target (which has @xml:id "E1030b") does not have a number. You could try 'text="title"' or 'text="custom"' on the "xref".
INFO    : *              located within: "thm-sylow" (xml:id), "Sylow's Theorems" (title)
WARNING : * PTX:WARNING: Unstructured content within a list item is being ignored ("Assume")
INFO    : *              located within: "thm-properties-of-algebraic-elements" (xml:id), "Properties of Algebraic Elements" (title)
WARNING : * PTX:WARNING: Unstructured content within a list item is being ignored ("is algebraic over")
INFO    : *              located within: "thm-properties-of-algebraic-elements" (xml:id), "Properties of Algebraic Elements" (title)
WARNING : * PTX:WARNING: Unstructured content within a list item is being ignored (".")
INFO    : *              located within: "thm-properties-of-algebraic-elements" (xml:id), "Properties of Algebraic Elements" (title)
INFO    : successful application of /Users/smakdonald/.ptx/2.6.2/core/xsl/pretext-html.xsl
INFO    : 
Success! Run `pretext view` to see the results.

INFO    : 
----------------------------------------------------
INFO    : While running pretext, the following errors occurred:

INFO    : (see log messages above or in the 'logs' folder for more information)
INFO    : ----------------------------------------------------
