INFO    : PreTeXt-CLI version: 2.3.9

INFO    : PreTeXt project found in `/Users/smakdonald/Modern-Algebra`.
WARNING : Using CLI version 2.3.9 but project's `requirements.txt`
WARNING : is configured to use 1.5.1. Consider either installing
WARNING : CLI version 1.5.1 or running `pretext init --refresh`
WARNING : to update `requirements.txt` to match 2.3.9.
ERROR   : XML Syntax Error caused build to fail:
ERROR   : /Users/smakdonald/Modern-Algebra/source/Mod-Alg.ptx:30233:46:ERROR:VALID:DTD_ID_REDEFINED: ID june-2010 already defined
/Users/smakdonald/Modern-Algebra/source/Mod-Alg.ptx:30379:56:ERROR:VALID:DTD_ID_REDEFINED: ID june-2010-6 already defined
/Users/smakdonald/Modern-Algebra/source/Mod-Alg.ptx:30764:45:ERROR:VALID:DTD_ID_REDEFINED: ID jan-2012 already defined
/Users/smakdonald/Modern-Algebra/source/Mod-Alg.ptx:30949:55:ERROR:VALID:DTD_ID_REDEFINED: ID jan-2012-8 already defined
/Users/smakdonald/Modern-Algebra/source/Mod-Alg.ptx:31762:45:ERROR:VALID:DTD_ID_REDEFINED: ID jan-2015 already defined
/Users/smakdonald/Modern-Algebra/source/Mod-Alg.ptx:31768:55:ERROR:VALID:DTD_ID_REDEFINED: ID jan-2015-1 already defined
/Users/smakdonald/Modern-Algebra/source/Mod-Alg.ptx:32137:46:ERROR:VALID:DTD_ID_REDEFINED: ID june-2016 already defined
/Users/smakdonald/Modern-Algebra/source/Mod-Alg.ptx:32143:56:ERROR:VALID:DTD_ID_REDEFINED: ID june-2016-1 already defined
/Users/smakdonald/Modern-Algebra/source/Mod-Alg.ptx:32331:56:ERROR:VALID:DTD_ID_REDEFINED: ID june-2016-8 already defined
/Users/smakdonald/Modern-Algebra/source/Mod-Alg.ptx:32361:45:ERROR:VALID:DTD_ID_REDEFINED: ID jan-2017 already defined
/Users/smakdonald/Modern-Algebra/source/Mod-Alg.ptx:32381:55:ERROR:VALID:DTD_ID_REDEFINED: ID jan-2017-2 already defined
/Users/smakdonald/Modern-Algebra/source/Mod-Alg.ptx:32504:45:ERROR:VALID:DTD_ID_REDEFINED: ID may-2017 already defined
/Users/smakdonald/Modern-Algebra/source/Mod-Alg.ptx:32640:55:ERROR:VALID:DTD_ID_REDEFINED: ID may-2017-7 already defined
/Users/smakdonald/Modern-Algebra/source/Mod-Alg.ptx:32710:45:ERROR:VALID:DTD_ID_REDEFINED: ID may-2018 already defined
/Users/smakdonald/Modern-Algebra/source/Mod-Alg.ptx:32786:55:ERROR:VALID:DTD_ID_REDEFINED: ID may-2018-5 already defined
/Users/smakdonald/Modern-Algebra/source/Mod-Alg.ptx:33258:45:ERROR:VALID:DTD_ID_REDEFINED: ID jan-2020 already defined
/Users/smakdonald/Modern-Algebra/source/Mod-Alg.ptx:33264:55:ERROR:VALID:DTD_ID_REDEFINED: ID jan-2020-1 already defined
/Users/smakdonald/Modern-Algebra/source/Mod-Alg.ptx:33322:55:ERROR:VALID:DTD_ID_REDEFINED: ID jan-2020-4 already defined
/Users/smakdonald/Modern-Algebra/source/Mod-Alg.ptx:33445:46:ERROR:VALID:DTD_ID_REDEFINED: ID june-2020 already defined
/Users/smakdonald/Modern-Algebra/source/Mod-Alg.ptx:33451:56:ERROR:VALID:DTD_ID_REDEFINED: ID june-2020-1 already defined
/Users/smakdonald/Modern-Algebra/source/Mod-Alg.ptx:33647:45:ERROR:VALID:DTD_ID_REDEFINED: ID jan-2021 already defined
/Users/smakdonald/Modern-Algebra/source/Mod-Alg.ptx:33703:55:ERROR:VALID:DTD_ID_REDEFINED: ID jan-2021-4 already defined
/Users/smakdonald/Modern-Algebra/source/Mod-Alg.ptx:34030:45:ERROR:VALID:DTD_ID_REDEFINED: ID jan-2022 already defined
/Users/smakdonald/Modern-Algebra/source/Mod-Alg.ptx:34090:55:ERROR:VALID:DTD_ID_REDEFINED: ID jan-2022-3 already defined
/Users/smakdonald/Modern-Algebra/source/Mod-Alg.ptx:34120:55:ERROR:VALID:DTD_ID_REDEFINED: ID jan-2022-4 already defined
/Users/smakdonald/Modern-Algebra/source/Mod-Alg.ptx:34285:45:ERROR:VALID:DTD_ID_REDEFINED: ID may-2022 already defined
/Users/smakdonald/Modern-Algebra/source/Mod-Alg.ptx:34291:55:ERROR:VALID:DTD_ID_REDEFINED: ID may-2022-1 already defined
/Users/smakdonald/Modern-Algebra/source/Mod-Alg.ptx:34306:55:ERROR:VALID:DTD_ID_REDEFINED: ID may-2022-2 already defined
/Users/smakdonald/Modern-Algebra/source/Mod-Alg.ptx:34333:55:ERROR:VALID:DTD_ID_REDEFINED: ID may-2022-3 already defined
/Users/smakdonald/Modern-Algebra/source/Mod-Alg.ptx:34348:55:ERROR:VALID:DTD_ID_REDEFINED: ID may-2022-4 already defined
/Users/smakdonald/Modern-Algebra/source/Mod-Alg.ptx:34375:55:ERROR:VALID:DTD_ID_REDEFINED: ID may-2022-5 already defined
/Users/smakdonald/Modern-Algebra/source/Mod-Alg.ptx:34390:55:ERROR:VALID:DTD_ID_REDEFINED: ID may-2022-6 already defined
/Users/smakdonald/Modern-Algebra/source/Mod-Alg.ptx:34406:55:ERROR:VALID:DTD_ID_REDEFINED: ID may-2022-7 already defined
/Users/smakdonald/Modern-Algebra/source/Mod-Alg.ptx:34433:55:ERROR:VALID:DTD_ID_REDEFINED: ID may-2022-8 already defined
/Users/smakdonald/Modern-Algebra/source/Mod-Alg.ptx:34448:55:ERROR:VALID:DTD_ID_REDEFINED: ID may-2022-9 already defined
/Users/smakdonald/Modern-Algebra/source/Mod-Alg.ptx:34465:45:ERROR:VALID:DTD_ID_REDEFINED: ID jan-2023 already defined
/Users/smakdonald/Modern-Algebra/source/Mod-Alg.ptx:34471:55:ERROR:VALID:DTD_ID_REDEFINED: ID jan-2023-1 already defined
/Users/smakdonald/Modern-Algebra/source/Mod-Alg.ptx:34543:55:ERROR:VALID:DTD_ID_REDEFINED: ID jan-2023-4 already defined
/Users/smakdonald/Modern-Algebra/source/Mod-Alg.ptx:34603:55:ERROR:VALID:DTD_ID_REDEFINED: ID jan-2023-7 already defined
CRITICAL: XML syntax for source file is invalid
INFO    : ------------------------
CRITICAL: Failed to build.  Exiting...
INFO    : While running pretext, the following errors occurred:

