INFO    : PreTeXt-CLI version: 2.3.9

INFO    : PreTeXt project found in `/Users/smakdonald/Modern-Algebra`.
WARNING : Using CLI version 2.3.9 but project's `requirements.txt`
WARNING : is configured to use 1.5.1. Consider either installing
WARNING : CLI version 1.5.1 or running `pretext init --refresh`
WARNING : to update `requirements.txt` to match 2.3.9.
ERROR   : XML Syntax Error caused build to fail:
ERROR   : /Users/smakdonald/Modern-Algebra/source/Mod-Alg.ptx:30233:46:ERROR:VALID:DTD_ID_REDEFINED: ID june-2010 already defined
/Users/smakdonald/Modern-Algebra/source/Mod-Alg.ptx:30369:56:ERROR:VALID:DTD_ID_REDEFINED: ID june-2010-6 already defined
/Users/smakdonald/Modern-Algebra/source/Mod-Alg.ptx:30726:45:ERROR:VALID:DTD_ID_REDEFINED: ID jan-2012 already defined
/Users/smakdonald/Modern-Algebra/source/Mod-Alg.ptx:30897:55:ERROR:VALID:DTD_ID_REDEFINED: ID jan-2012-8 already defined
/Users/smakdonald/Modern-Algebra/source/Mod-Alg.ptx:30915:29:FATAL:PARSER:ERR_TAG_NAME_MISMATCH: Opening and ending tag mismatch: p line 30899 and statement
/Users/smakdonald/Modern-Algebra/source/Mod-Alg.ptx:30920:26:FATAL:PARSER:ERR_TAG_NAME_MISMATCH: Opening and ending tag mismatch: statement line 30898 and exercise
/Users/smakdonald/Modern-Algebra/source/Mod-Alg.ptx:30949:29:FATAL:PARSER:ERR_TAG_NAME_MISMATCH: Opening and ending tag mismatch: exercise line 30897 and exercisegroup
/Users/smakdonald/Modern-Algebra/source/Mod-Alg.ptx:34282:23:FATAL:PARSER:ERR_TAG_NAME_MISMATCH: Opening and ending tag mismatch: exercisegroup line 30726 and exercises
/Users/smakdonald/Modern-Algebra/source/Mod-Alg.ptx:34284:19:FATAL:PARSER:ERR_TAG_NAME_MISMATCH: Opening and ending tag mismatch: exercises line 30231 and section
/Users/smakdonald/Modern-Algebra/source/Mod-Alg.ptx:34286:18:FATAL:PARSER:ERR_TAG_NAME_MISMATCH: Opening and ending tag mismatch: section line 30225 and appendix
/Users/smakdonald/Modern-Algebra/source/Mod-Alg.ptx:41336:18:FATAL:PARSER:ERR_TAG_NAME_MISMATCH: Opening and ending tag mismatch: appendix line 21937 and backmatter
/Users/smakdonald/Modern-Algebra/source/Mod-Alg.ptx:41338:10:FATAL:PARSER:ERR_TAG_NAME_MISMATCH: Opening and ending tag mismatch: backmatter line 20389 and book
/Users/smakdonald/Modern-Algebra/source/Mod-Alg.ptx:41340:11:FATAL:PARSER:ERR_TAG_NAME_MISMATCH: Opening and ending tag mismatch: book line 360 and pretext
/Users/smakdonald/Modern-Algebra/source/Mod-Alg.ptx:41340:11:FATAL:PARSER:ERR_TAG_NOT_FINISHED: Premature end of data in tag pretext line 3
CRITICAL: XML syntax for source file is invalid
INFO    : ------------------------
CRITICAL: Failed to build.  Exiting...
INFO    : While running pretext, the following errors occurred:

